<?xml version="1.0" encoding="UTF-8"?>
<!-- Generated by org.testng.reporters.JUnitReportReporter -->
<testsuite hostname="MAHMOUD-PC" failures="0" tests="1" name="com.MyTestingCo.tests.login.LoginWithEmptyUsernameTest" time="3.078" errors="0" timestamp="2024-10-22T20:28:12 EEST" skipped="0">
  <testcase classname="com.MyTestingCo.tests.login.LoginWithEmptyUsernameTest" name="loginWithEmptyUsernameTest" time="3.078"/>
</testsuite> <!-- com.MyTestingCo.tests.login.LoginWithEmptyUsernameTest -->
