<?xml version="1.0" encoding="UTF-8"?>
<!-- Generated by org.testng.reporters.JUnitReportReporter -->
<testsuite hostname="MAHMOUD-PC" failures="0" tests="1" name="com.MyTestingCo.tests.login.LoginWithSpecialCharactersTest" time="1.615" errors="0" timestamp="2024-09-28T02:29:51 EEST" skipped="0">
  <testcase classname="com.MyTestingCo.tests.login.LoginWithSpecialCharactersTest" name="loginWithSpecialCharactersTest" time="1.615"/>
</testsuite> <!-- com.MyTestingCo.tests.login.LoginWithSpecialCharactersTest -->
