<?xml version="1.0" encoding="UTF-8"?>
<!-- Generated by org.testng.reporters.JUnitReportReporter -->
<testsuite hostname="MAHMOUD-PC" failures="0" tests="1" name="com.MyTestingCo.tests.login.InvalidLoginTest" time="1.536" errors="0" timestamp="2024-09-30T02:50:38 EEST" skipped="0">
  <testcase classname="com.MyTestingCo.tests.login.InvalidLoginTest" name="testInvalidLogin" time="1.536"/>
</testsuite> <!-- com.MyTestingCo.tests.login.InvalidLoginTest -->
