<?xml version="1.0" encoding="UTF-8"?>
<!-- Generated by org.testng.reporters.JUnitReportReporter -->
<testsuite hostname="MAHMOUD-PC" failures="0" tests="1" name="com.MyTestingCo.tests.login.ValidLoginTest" time="2.811" errors="0" timestamp="2024-09-30T02:50:39 EEST" skipped="0">
  <testcase classname="com.MyTestingCo.tests.login.ValidLoginTest" name="testValidLogin" time="2.811"/>
</testsuite> <!-- com.MyTestingCo.tests.login.ValidLoginTest -->
