<?xml version="1.0" encoding="UTF-8"?>
<!-- Generated by org.testng.reporters.JUnitReportReporter -->
<testsuite hostname="MAHMOUD-PC" failures="0" tests="1" name="com.MyTestingCo.tests.filter.FilterByCategoryTest" time="1.646" errors="0" timestamp="2024-09-30T02:50:39 EEST" skipped="0">
  <testcase classname="com.MyTestingCo.tests.filter.FilterByCategoryTest" name="testFilterByCategory" time="1.646"/>
</testsuite> <!-- com.MyTestingCo.tests.filter.FilterByCategoryTest -->
